<?xml version="1.0" encoding="UTF-8"?>
<testng-results skipped="0" failed="0" ignored="0" total="3" passed="3">
  <reporter-output>
  </reporter-output>
  <suite name="Suite" duration-ms="359977" started-at="2020-11-02T15:19:39Z" finished-at="2020-11-02T15:25:39Z">
    <groups>
    </groups>
    <test name="Test" duration-ms="113109" started-at="2020-11-02T15:19:39Z" finished-at="2020-11-02T15:21:32Z">
      <class name="com.gmail.testCases.TC_ComposeMail_001">
        <test-method status="PASS" signature="setup(java.lang.String, java.lang.String, org.testng.ITestContext)[pri:0, instance:com.gmail.testCases.TC_ComposeMail_001@327b636c]" name="setup" is-config="true" duration-ms="6787" started-at="2020-11-02T15:19:39Z" finished-at="2020-11-02T15:19:46Z">
          <params>
            <param index="0">
              <value>
                <![CDATA[chrome]]>
              </value>
            </param>
            <param index="1">
              <value>
                <![CDATA[TC_ComposeMail_001]]>
              </value>
            </param>
            <param index="2">
              <value>
                <![CDATA[org.testng.TestRunner@4f4c789f]]>
              </value>
            </param>
          </params>
          <reporter-output>
          </reporter-output>
        </test-method> <!-- setup -->
        <test-method status="PASS" signature="composeMail(java.lang.String)[pri:0, instance:com.gmail.testCases.TC_ComposeMail_001@327b636c]" name="composeMail" duration-ms="91767" started-at="2020-11-02T15:19:46Z" finished-at="2020-11-02T15:21:18Z">
          <params>
            <param index="0">
              <value>
                <![CDATA[TC_ComposeMail_001]]>
              </value>
            </param>
          </params>
          <reporter-output>
          </reporter-output>
        </test-method> <!-- composeMail -->
        <test-method status="PASS" signature="teardown()[pri:0, instance:com.gmail.testCases.TC_ComposeMail_001@327b636c]" name="teardown" is-config="true" duration-ms="13417" started-at="2020-11-02T15:21:19Z" finished-at="2020-11-02T15:21:32Z">
          <reporter-output>
          </reporter-output>
        </test-method> <!-- teardown -->
      </class> <!-- com.gmail.testCases.TC_ComposeMail_001 -->
    </test> <!-- Test -->
    <test name="Test1" duration-ms="132878" started-at="2020-11-02T15:21:33Z" finished-at="2020-11-02T15:23:46Z">
      <class name="com.gmail.testCases.TC_ReplyMail_002">
        <test-method status="PASS" signature="setup(java.lang.String, java.lang.String, org.testng.ITestContext)[pri:0, instance:com.gmail.testCases.TC_ReplyMail_002@22635ba0]" name="setup" is-config="true" duration-ms="14124" started-at="2020-11-02T15:21:33Z" finished-at="2020-11-02T15:21:47Z">
          <params>
            <param index="0">
              <value>
                <![CDATA[chrome]]>
              </value>
            </param>
            <param index="1">
              <value>
                <![CDATA[TC_ComposeMail_001]]>
              </value>
            </param>
            <param index="2">
              <value>
                <![CDATA[org.testng.TestRunner@13f9ad9]]>
              </value>
            </param>
          </params>
          <reporter-output>
          </reporter-output>
        </test-method> <!-- setup -->
        <test-method status="PASS" signature="replyMail(java.lang.String)[pri:0, instance:com.gmail.testCases.TC_ReplyMail_002@22635ba0]" name="replyMail" duration-ms="58955" started-at="2020-11-02T15:21:47Z" finished-at="2020-11-02T15:22:46Z">
          <params>
            <param index="0">
              <value>
                <![CDATA[TC_ReplyMail_002]]>
              </value>
            </param>
          </params>
          <reporter-output>
          </reporter-output>
        </test-method> <!-- replyMail -->
        <test-method status="PASS" signature="teardown()[pri:0, instance:com.gmail.testCases.TC_ReplyMail_002@22635ba0]" name="teardown" is-config="true" duration-ms="59407" started-at="2020-11-02T15:22:46Z" finished-at="2020-11-02T15:23:46Z">
          <reporter-output>
          </reporter-output>
        </test-method> <!-- teardown -->
      </class> <!-- com.gmail.testCases.TC_ReplyMail_002 -->
    </test> <!-- Test1 -->
    <test name="Test2" duration-ms="113029" started-at="2020-11-02T15:23:46Z" finished-at="2020-11-02T15:25:39Z">
      <class name="com.gmail.testCases.TC_DraftandSendMail_003">
        <test-method status="PASS" signature="intialSetup()[pri:0, instance:com.gmail.testCases.TC_DraftandSendMail_003@70be0a2b]" name="intialSetup" is-config="true" duration-ms="168" started-at="2020-11-02T15:19:39Z" finished-at="2020-11-02T15:19:39Z">
          <reporter-output>
          </reporter-output>
        </test-method> <!-- intialSetup -->
        <test-method status="PASS" signature="setup(java.lang.String, java.lang.String, org.testng.ITestContext)[pri:0, instance:com.gmail.testCases.TC_DraftandSendMail_003@70be0a2b]" name="setup" is-config="true" duration-ms="7537" started-at="2020-11-02T15:23:46Z" finished-at="2020-11-02T15:23:53Z">
          <params>
            <param index="0">
              <value>
                <![CDATA[chrome]]>
              </value>
            </param>
            <param index="1">
              <value>
                <![CDATA[TC_ComposeMail_001]]>
              </value>
            </param>
            <param index="2">
              <value>
                <![CDATA[org.testng.TestRunner@1b7cae6f]]>
              </value>
            </param>
          </params>
          <reporter-output>
          </reporter-output>
        </test-method> <!-- setup -->
        <test-method status="PASS" signature="composeMail(java.lang.String)[pri:0, instance:com.gmail.testCases.TC_DraftandSendMail_003@70be0a2b]" name="composeMail" duration-ms="89542" started-at="2020-11-02T15:23:53Z" finished-at="2020-11-02T15:25:23Z">
          <params>
            <param index="0">
              <value>
                <![CDATA[TC_DraftandSendMail_003]]>
              </value>
            </param>
          </params>
          <reporter-output>
          </reporter-output>
        </test-method> <!-- composeMail -->
        <test-method status="PASS" signature="teardown()[pri:0, instance:com.gmail.testCases.TC_DraftandSendMail_003@70be0a2b]" name="teardown" is-config="true" duration-ms="15586" started-at="2020-11-02T15:25:23Z" finished-at="2020-11-02T15:25:39Z">
          <reporter-output>
          </reporter-output>
        </test-method> <!-- teardown -->
      </class> <!-- com.gmail.testCases.TC_DraftandSendMail_003 -->
    </test> <!-- Test2 -->
  </suite> <!-- Suite -->
</testng-results>
